<?xml version="1.0" encoding="UTF-8"?>
<testsuite xmlns:xsi="http://www.w3.org/2001/XMLSchema-instance" xsi:noNamespaceSchemaLocation="https://maven.apache.org/surefire/maven-surefire-plugin/xsd/surefire-test-report.xsd" version="3.0.2" name="org.szelag.oauth2githubssl.Oauth2githubsslApplicationTests" time="8.515" tests="1" errors="0" skipped="0" failures="0">
  <properties>
[...]
</properties>
  <testcase name="contextLoads" classname="org.szelag.oauth2githubssl.Oauth2githubsslApplicationTests" time="2.052">
    <system-out><![CDATA[16:57:59.159 [main] INFO org.springframework.test.context.support.AnnotationConfigContextLoaderUtils -- Could not detect default configuration classes for test class [org.szelag.oauth2githubssl.Oauth2githubsslApplicationTests]: Oauth2githubsslApplicationTests does not declare any static, non-private, non-final, nested classes annotated with @Configuration.
16:57:59.398 [main] INFO org.springframework.boot.test.context.SpringBootTestContextBootstrapper -- Found @SpringBootConfiguration org.szelag.oauth2githubssl.OAuth2GitHubSSLApp for test class org.szelag.oauth2githubssl.Oauth2githubsslApplicationTests
16:57:59.854 [main] INFO org.springframework.boot.devtools.restart.RestartApplicationListener -- Restart disabled due to context in which it is running

  .   ____          _            __ _ _
 /\\ / ___'_ __ _ _(_)_ __  __ _ \ \ \ \
( ( )\___ | '_ | '_| | '_ \/ _` | \ \ \ \
 \\/  ___)| |_)| | | | | || (_| |  ) ) ) )
  '  |____| .__|_| |_|_| |_\__, | / / / /
 =========|_|==============|___/=/_/_/_/

 :: Spring Boot ::                (v3.4.3)

2025-02-25T16:58:00.991+01:00  INFO 11804 --- [OAuth 2.0 GitHub SSL] [           main] o.s.o.Oauth2githubsslApplicationTests    : Starting Oauth2githubsslApplicationTests using Java 21.0.5 with PID 11804 (started by Andrzej in C:\Users\Andrz\oauth2githubssl\oauth2githubssl)
2025-02-25T16:58:00.998+01:00  INFO 11804 --- [OAuth 2.0 GitHub SSL] [           main] o.s.o.Oauth2githubsslApplicationTests    : No active profile set, falling back to 1 default profile: "default"
2025-02-25T16:58:03.411+01:00 TRACE 11804 --- [OAuth 2.0 GitHub SSL] [           main] eGlobalAuthenticationAutowiredConfigurer : Eagerly initializing {securityConfig=org.szelag.oauth2githubssl.config.SecurityConfig$$SpringCGLIB$$0@34208baa}
2025-02-25T16:58:03.420+01:00 DEBUG 11804 --- [OAuth 2.0 GitHub SSL] [           main] swordEncoderAuthenticationManagerBuilder : No authenticationProviders and no parentAuthenticationManager defined. Returning null.
2025-02-25T16:58:04.225+01:00  INFO 11804 --- [OAuth 2.0 GitHub SSL] [           main] o.s.s.w.a.c.ChannelProcessingFilter      : Validated configuration attributes
2025-02-25T16:58:04.240+01:00 DEBUG 11804 --- [OAuth 2.0 GitHub SSL] [           main] o.s.s.web.DefaultSecurityFilterChain     : Will secure any request with filters: DisableEncodeUrlFilter, ChannelProcessingFilter, WebAsyncManagerIntegrationFilter, SecurityContextHolderFilter, HeaderWriterFilter, CsrfFilter, LogoutFilter, OAuth2AuthorizationRequestRedirectFilter, OAuth2LoginAuthenticationFilter, RequestCacheAwareFilter, SecurityContextHolderAwareRequestFilter, AnonymousAuthenticationFilter, SessionManagementFilter, ExceptionTranslationFilter, AuthorizationFilter
2025-02-25T16:58:05.016+01:00  INFO 11804 --- [OAuth 2.0 GitHub SSL] [           main] o.s.o.Oauth2githubsslApplicationTests    : Started Oauth2githubsslApplicationTests in 5.192 seconds (process running for 8.743)
]]></system-out>
    <system-err><![CDATA[Mockito is currently self-attaching to enable the inline-mock-maker. This will no longer work in future releases of the JDK. Please add Mockito as an agent to your build what is described in Mockito's documentation: https://javadoc.io/doc/org.mockito/mockito-core/latest/org/mockito/Mockito.html#0.3
WARNING: A Java agent has been loaded dynamically (C:\Users\Andrz\.m2\repository\net\bytebuddy\byte-buddy-agent\1.15.11\byte-buddy-agent-1.15.11.jar)
WARNING: If a serviceability tool is in use, please run with -XX:+EnableDynamicAgentLoading to hide this warning
WARNING: If a serviceability tool is not in use, please run with -Djdk.instrument.traceUsage for more information
WARNING: Dynamic loading of agents will be disallowed by default in a future release
]]></system-err>
  </testcase>
</testsuite>